0 info it worked if it ends with ok
1 verbose cli [ '/usr/bin/nodejs', '/usr/bin/npm', 'install' ]
2 info using npm@3.5.2
3 info using node@v4.2.6
4 silly loadCurrentTree Starting
5 silly install loadCurrentTree
6 silly install readLocalPackageData
7 silly install normalizeTree
8 silly loadCurrentTree Finishing
9 silly loadIdealTree Starting
10 silly install loadIdealTree
11 silly cloneCurrentTree Starting
12 silly install cloneCurrentTreeToIdealTree
13 silly cloneCurrentTree Finishing
14 silly loadShrinkwrap Starting
15 silly install loadShrinkwrap
16 silly loadShrinkwrap Finishing
17 silly loadAllDepsIntoIdealTree Starting
18 silly install loadAllDepsIntoIdealTree
19 silly fetchNamedPackageData cookie-parser
20 silly mapToRegistry name cookie-parser
21 silly mapToRegistry using default registry
22 silly mapToRegistry registry https://registry.npmjs.org/
23 silly mapToRegistry uri https://registry.npmjs.org/cookie-parser
24 silly fetchNamedPackageData debug
25 silly mapToRegistry name debug
26 silly mapToRegistry using default registry
27 silly mapToRegistry registry https://registry.npmjs.org/
28 silly mapToRegistry uri https://registry.npmjs.org/debug
29 silly fetchNamedPackageData express
30 silly mapToRegistry name express
31 silly mapToRegistry using default registry
32 silly mapToRegistry registry https://registry.npmjs.org/
33 silly mapToRegistry uri https://registry.npmjs.org/express
34 silly fetchNamedPackageData http-errors
35 silly mapToRegistry name http-errors
36 silly mapToRegistry using default registry
37 silly mapToRegistry registry https://registry.npmjs.org/
38 silly mapToRegistry uri https://registry.npmjs.org/http-errors
39 silly fetchNamedPackageData jade
40 silly mapToRegistry name jade
41 silly mapToRegistry using default registry
42 silly mapToRegistry registry https://registry.npmjs.org/
43 silly mapToRegistry uri https://registry.npmjs.org/jade
44 silly fetchNamedPackageData morgan
45 silly mapToRegistry name morgan
46 silly mapToRegistry using default registry
47 silly mapToRegistry registry https://registry.npmjs.org/
48 silly mapToRegistry uri https://registry.npmjs.org/morgan
49 verbose request uri https://registry.npmjs.org/cookie-parser
50 verbose request no auth needed
51 info attempt registry request try #1 at 10:56:34 PM
52 verbose request id 4a63cc1e69310ebc
53 http request GET https://registry.npmjs.org/cookie-parser
54 verbose request uri https://registry.npmjs.org/express
55 verbose request no auth needed
56 info attempt registry request try #1 at 10:56:34 PM
57 http request GET https://registry.npmjs.org/express
58 verbose request uri https://registry.npmjs.org/http-errors
59 verbose request no auth needed
60 info attempt registry request try #1 at 10:56:34 PM
61 http request GET https://registry.npmjs.org/http-errors
62 verbose request uri https://registry.npmjs.org/jade
63 verbose request no auth needed
64 info attempt registry request try #1 at 10:56:34 PM
65 http request GET https://registry.npmjs.org/jade
66 verbose request uri https://registry.npmjs.org/morgan
67 verbose request no auth needed
68 info attempt registry request try #1 at 10:56:34 PM
69 http request GET https://registry.npmjs.org/morgan
70 info retry will retry, error on last attempt: Error: connect ENETUNREACH 2400:cb00:2048:1::6810:1623:443 - Local (:::0)
71 info retry will retry, error on last attempt: Error: connect ENETUNREACH 2400:cb00:2048:1::6810:1623:443 - Local (:::0)
72 info retry will retry, error on last attempt: Error: connect ENETUNREACH 2400:cb00:2048:1::6810:1223:443 - Local (:::0)
73 verbose request uri https://registry.npmjs.org/debug
74 verbose request no auth needed
75 info attempt registry request try #1 at 10:56:34 PM
76 verbose etag W/"fba3b1e5281ea3e19e268240206ca548"
77 verbose lastModified Sat, 26 May 2018 21:52:39 GMT
78 http request GET https://registry.npmjs.org/debug
79 info retry will retry, error on last attempt: Error: connect ENETUNREACH 2400:cb00:2048:1::6810:1123:443 - Local (:::0)
80 info retry will retry, error on last attempt: Error: connect ENETUNREACH 2400:cb00:2048:1::6810:1623:443 - Local (:::0)
81 info retry will retry, error on last attempt: Error: connect ENETUNREACH 2400:cb00:2048:1::6810:1123:443 - Local (:::0)
82 info attempt registry request try #2 at 10:56:44 PM
83 http request GET https://registry.npmjs.org/cookie-parser
84 info attempt registry request try #2 at 10:56:44 PM
85 http request GET https://registry.npmjs.org/express
86 info attempt registry request try #2 at 10:56:44 PM
87 http request GET https://registry.npmjs.org/http-errors
88 info attempt registry request try #2 at 10:56:44 PM
89 http request GET https://registry.npmjs.org/jade
90 info retry will retry, error on last attempt: Error: connect ENETUNREACH 2400:cb00:2048:1::6810:1823:443 - Local (:::0)
91 info attempt registry request try #2 at 10:56:44 PM
92 http request GET https://registry.npmjs.org/morgan
93 info retry will retry, error on last attempt: Error: connect ENETUNREACH 2400:cb00:2048:1::6810:1a23:443 - Local (:::0)
94 info attempt registry request try #2 at 10:56:44 PM
95 verbose etag W/"fba3b1e5281ea3e19e268240206ca548"
96 verbose lastModified Sat, 26 May 2018 21:52:39 GMT
97 http request GET https://registry.npmjs.org/debug
98 info retry will retry, error on last attempt: Error: connect ENETUNREACH 2400:cb00:2048:1::6810:1523:443 - Local (:::0)
99 info retry will retry, error on last attempt: Error: connect ENETUNREACH 2400:cb00:2048:1::6810:1223:443 - Local (:::0)
100 info retry will retry, error on last attempt: Error: connect ENETUNREACH 2400:cb00:2048:1::6810:1423:443 - Local (:::0)
101 info retry will retry, error on last attempt: Error: connect ENETUNREACH 2400:cb00:2048:1::6810:1b23:443 - Local (:::0)
102 info attempt registry request try #3 at 10:57:44 PM
103 http request GET https://registry.npmjs.org/cookie-parser
104 silly fetchPackageMetaData Error: connect ENETUNREACH 2400:cb00:2048:1::6810:1323:443 - Local (:::0)
104 silly fetchPackageMetaData     at Object.exports._errnoException (util.js:870:11)
104 silly fetchPackageMetaData     at exports._exceptionWithHostPort (util.js:893:20)
104 silly fetchPackageMetaData     at connect (net.js:843:14)
104 silly fetchPackageMetaData     at net.js:986:7
104 silly fetchPackageMetaData     at GetAddrInfoReqWrap.asyncCallback [as callback] (dns.js:63:16)
104 silly fetchPackageMetaData     at GetAddrInfoReqWrap.onlookup [as oncomplete] (dns.js:82:10)
104 silly fetchPackageMetaData  error for cookie-parser@~1.4.3 { [Error: connect ENETUNREACH 2400:cb00:2048:1::6810:1323:443 - Local (:::0)]
104 silly fetchPackageMetaData   code: 'ENETUNREACH',
104 silly fetchPackageMetaData   errno: 'ENETUNREACH',
104 silly fetchPackageMetaData   syscall: 'connect',
104 silly fetchPackageMetaData   address: '2400:cb00:2048:1::6810:1323',
104 silly fetchPackageMetaData   port: 443 }
105 info attempt registry request try #3 at 10:57:44 PM
106 http request GET https://registry.npmjs.org/express
107 silly fetchPackageMetaData Error: connect ENETUNREACH 2400:cb00:2048:1::6810:1623:443 - Local (:::0)
107 silly fetchPackageMetaData     at Object.exports._errnoException (util.js:870:11)
107 silly fetchPackageMetaData     at exports._exceptionWithHostPort (util.js:893:20)
107 silly fetchPackageMetaData     at connect (net.js:843:14)
107 silly fetchPackageMetaData     at net.js:986:7
107 silly fetchPackageMetaData     at GetAddrInfoReqWrap.asyncCallback [as callback] (dns.js:63:16)
107 silly fetchPackageMetaData     at GetAddrInfoReqWrap.onlookup [as oncomplete] (dns.js:82:10)
107 silly fetchPackageMetaData  error for express@~4.16.0 { [Error: connect ENETUNREACH 2400:cb00:2048:1::6810:1623:443 - Local (:::0)]
107 silly fetchPackageMetaData   code: 'ENETUNREACH',
107 silly fetchPackageMetaData   errno: 'ENETUNREACH',
107 silly fetchPackageMetaData   syscall: 'connect',
107 silly fetchPackageMetaData   address: '2400:cb00:2048:1::6810:1623',
107 silly fetchPackageMetaData   port: 443 }
108 info attempt registry request try #3 at 10:57:44 PM
109 http request GET https://registry.npmjs.org/http-errors
110 silly fetchPackageMetaData Error: connect ENETUNREACH 2400:cb00:2048:1::6810:1223:443 - Local (:::0)
110 silly fetchPackageMetaData     at Object.exports._errnoException (util.js:870:11)
110 silly fetchPackageMetaData     at exports._exceptionWithHostPort (util.js:893:20)
110 silly fetchPackageMetaData     at connect (net.js:843:14)
110 silly fetchPackageMetaData     at net.js:986:7
110 silly fetchPackageMetaData     at GetAddrInfoReqWrap.asyncCallback [as callback] (dns.js:63:16)
110 silly fetchPackageMetaData     at GetAddrInfoReqWrap.onlookup [as oncomplete] (dns.js:82:10)
110 silly fetchPackageMetaData  error for http-errors@~1.6.2 { [Error: connect ENETUNREACH 2400:cb00:2048:1::6810:1223:443 - Local (:::0)]
110 silly fetchPackageMetaData   code: 'ENETUNREACH',
110 silly fetchPackageMetaData   errno: 'ENETUNREACH',
110 silly fetchPackageMetaData   syscall: 'connect',
110 silly fetchPackageMetaData   address: '2400:cb00:2048:1::6810:1223',
110 silly fetchPackageMetaData   port: 443 }
111 info attempt registry request try #3 at 10:57:44 PM
112 http request GET https://registry.npmjs.org/jade
113 silly fetchPackageMetaData Error: connect ENETUNREACH 2400:cb00:2048:1::6810:1123:443 - Local (:::0)
113 silly fetchPackageMetaData     at Object.exports._errnoException (util.js:870:11)
113 silly fetchPackageMetaData     at exports._exceptionWithHostPort (util.js:893:20)
113 silly fetchPackageMetaData     at connect (net.js:843:14)
113 silly fetchPackageMetaData     at net.js:986:7
113 silly fetchPackageMetaData     at GetAddrInfoReqWrap.asyncCallback [as callback] (dns.js:63:16)
113 silly fetchPackageMetaData     at GetAddrInfoReqWrap.onlookup [as oncomplete] (dns.js:82:10)
113 silly fetchPackageMetaData  error for jade@~1.11.0 { [Error: connect ENETUNREACH 2400:cb00:2048:1::6810:1123:443 - Local (:::0)]
113 silly fetchPackageMetaData   code: 'ENETUNREACH',
113 silly fetchPackageMetaData   errno: 'ENETUNREACH',
113 silly fetchPackageMetaData   syscall: 'connect',
113 silly fetchPackageMetaData   address: '2400:cb00:2048:1::6810:1123',
113 silly fetchPackageMetaData   port: 443 }
114 info attempt registry request try #3 at 10:57:45 PM
115 http request GET https://registry.npmjs.org/morgan
116 silly fetchPackageMetaData Error: connect ENETUNREACH 2400:cb00:2048:1::6810:1023:443 - Local (:::0)
116 silly fetchPackageMetaData     at Object.exports._errnoException (util.js:870:11)
116 silly fetchPackageMetaData     at exports._exceptionWithHostPort (util.js:893:20)
116 silly fetchPackageMetaData     at connect (net.js:843:14)
116 silly fetchPackageMetaData     at net.js:986:7
116 silly fetchPackageMetaData     at GetAddrInfoReqWrap.asyncCallback [as callback] (dns.js:63:16)
116 silly fetchPackageMetaData     at GetAddrInfoReqWrap.onlookup [as oncomplete] (dns.js:82:10)
116 silly fetchPackageMetaData  error for morgan@~1.9.0 { [Error: connect ENETUNREACH 2400:cb00:2048:1::6810:1023:443 - Local (:::0)]
116 silly fetchPackageMetaData   code: 'ENETUNREACH',
116 silly fetchPackageMetaData   errno: 'ENETUNREACH',
116 silly fetchPackageMetaData   syscall: 'connect',
116 silly fetchPackageMetaData   address: '2400:cb00:2048:1::6810:1023',
116 silly fetchPackageMetaData   port: 443 }
117 info attempt registry request try #3 at 10:57:45 PM
118 verbose etag W/"fba3b1e5281ea3e19e268240206ca548"
119 verbose lastModified Sat, 26 May 2018 21:52:39 GMT
120 http request GET https://registry.npmjs.org/debug
121 silly get cb [ 304, undefined ]
122 verbose etag https://registry.npmjs.org/debug from cache
123 verbose get saving debug to /home/blessed/.npm/registry.npmjs.org/debug/.cache.json
124 silly resolveWithNewModule debug@2.6.9 checking installable status
125 silly cache add args [ 'debug@~2.6.9', null ]
126 verbose cache add spec debug@~2.6.9
127 silly cache add parsed spec Result {
127 silly cache add   raw: 'debug@~2.6.9',
127 silly cache add   scope: null,
127 silly cache add   name: 'debug',
127 silly cache add   rawSpec: '~2.6.9',
127 silly cache add   spec: '>=2.6.9 <2.7.0',
127 silly cache add   type: 'range' }
128 silly addNamed debug@>=2.6.9 <2.7.0
129 verbose addNamed ">=2.6.9 <2.7.0" is a valid semver range for debug
130 silly addNameRange { name: 'debug', range: '>=2.6.9 <2.7.0', hasData: false }
131 silly mapToRegistry name debug
132 silly mapToRegistry using default registry
133 silly mapToRegistry registry https://registry.npmjs.org/
134 silly mapToRegistry uri https://registry.npmjs.org/debug
135 verbose addNameRange registry:https://registry.npmjs.org/debug not in flight; fetching
136 verbose get https://registry.npmjs.org/debug not expired, no request
137 silly addNameRange number 2 { name: 'debug', range: '>=2.6.9 <2.7.0', hasData: true }
138 silly addNameRange versions [ 'debug',
138 silly addNameRange   [ '0.0.1',
138 silly addNameRange     '0.1.0',
138 silly addNameRange     '0.2.0',
138 silly addNameRange     '0.3.0',
138 silly addNameRange     '0.4.0',
138 silly addNameRange     '0.4.1',
138 silly addNameRange     '0.5.0',
138 silly addNameRange     '0.6.0',
138 silly addNameRange     '0.7.0',
138 silly addNameRange     '0.7.1',
138 silly addNameRange     '0.7.2',
138 silly addNameRange     '0.7.3',
138 silly addNameRange     '0.7.4',
138 silly addNameRange     '0.8.0',
138 silly addNameRange     '0.8.1',
138 silly addNameRange     '1.0.0',
138 silly addNameRange     '1.0.1',
138 silly addNameRange     '1.0.2',
138 silly addNameRange     '1.0.3',
138 silly addNameRange     '1.0.4',
138 silly addNameRange     '2.0.0',
138 silly addNameRange     '2.1.0',
138 silly addNameRange     '2.1.1',
138 silly addNameRange     '2.1.2',
138 silly addNameRange     '2.1.3',
138 silly addNameRange     '2.2.0',
138 silly addNameRange     '2.3.0',
138 silly addNameRange     '2.3.1',
138 silly addNameRange     '2.3.2',
138 silly addNameRange     '2.3.3',
138 silly addNameRange     '2.4.0',
138 silly addNameRange     '2.4.1',
138 silly addNameRange     '2.4.2',
138 silly addNameRange     '2.4.3',
138 silly addNameRange     '2.4.4',
138 silly addNameRange     '2.4.5',
138 silly addNameRange     '2.5.0',
138 silly addNameRange     '2.5.1',
138 silly addNameRange     '2.5.2',
138 silly addNameRange     '2.6.0',
138 silly addNameRange     '2.6.1',
138 silly addNameRange     '2.6.2',
138 silly addNameRange     '2.6.3',
138 silly addNameRange     '2.6.4',
138 silly addNameRange     '2.6.5',
138 silly addNameRange     '2.6.6',
138 silly addNameRange     '2.6.7',
138 silly addNameRange     '2.6.8',
138 silly addNameRange     '1.0.5',
138 silly addNameRange     '3.0.0',
138 silly addNameRange     '3.0.1',
138 silly addNameRange     '2.6.9',
138 silly addNameRange     '3.1.0' ] ]
139 silly addNamed debug@2.6.9
140 verbose addNamed "2.6.9" is a plain semver version for debug
141 silly mapToRegistry name debug
142 silly mapToRegistry using default registry
143 silly mapToRegistry registry https://registry.npmjs.org/
144 silly mapToRegistry uri https://registry.npmjs.org/debug
145 verbose addRemoteTarball https://registry.npmjs.org/debug/-/debug-2.6.9.tgz not in flight; adding
146 verbose addRemoteTarball [ 'https://registry.npmjs.org/debug/-/debug-2.6.9.tgz',
146 verbose addRemoteTarball   '5d128515df134ff327e90a4c93f4e077a536341f' ]
147 info retry fetch attempt 1 at 10:57:45 PM
148 info attempt registry request try #1 at 10:57:45 PM
149 http fetch GET https://registry.npmjs.org/debug/-/debug-2.6.9.tgz
150 info retry will retry, error on last attempt: Error: connect ENETUNREACH 2400:cb00:2048:1::6810:1523:443 - Local (:::0)
151 info attempt registry request try #2 at 10:57:55 PM
152 http fetch GET https://registry.npmjs.org/debug/-/debug-2.6.9.tgz
153 info retry will retry, error on last attempt: Error: connect ENETUNREACH 2400:cb00:2048:1::6810:1a23:443 - Local (:::0)
154 info attempt registry request try #3 at 10:58:55 PM
155 http fetch GET https://registry.npmjs.org/debug/-/debug-2.6.9.tgz
156 error fetch failed https://registry.npmjs.org/debug/-/debug-2.6.9.tgz
157 warn retry will retry, error on last attempt: Error: connect ENETUNREACH 2400:cb00:2048:1::6810:1523:443 - Local (:::0)
158 info retry fetch attempt 2 at 10:59:05 PM
159 info attempt registry request try #1 at 10:59:05 PM
160 http fetch GET https://registry.npmjs.org/debug/-/debug-2.6.9.tgz
161 info retry will retry, error on last attempt: Error: connect ENETUNREACH 2400:cb00:2048:1::6810:1b23:443 - Local (:::0)
162 info attempt registry request try #2 at 10:59:15 PM
163 http fetch GET https://registry.npmjs.org/debug/-/debug-2.6.9.tgz
164 info retry will retry, error on last attempt: Error: connect ENETUNREACH 2400:cb00:2048:1::6810:1823:443 - Local (:::0)
165 info attempt registry request try #3 at 11:00:15 PM
166 http fetch GET https://registry.npmjs.org/debug/-/debug-2.6.9.tgz
167 error fetch failed https://registry.npmjs.org/debug/-/debug-2.6.9.tgz
168 warn retry will retry, error on last attempt: Error: read ECONNRESET
169 info retry fetch attempt 3 at 11:01:31 PM
170 info attempt registry request try #1 at 11:01:31 PM
171 http fetch GET https://registry.npmjs.org/debug/-/debug-2.6.9.tgz
172 info retry will retry, error on last attempt: Error: getaddrinfo EAI_AGAIN registry.npmjs.org:443
173 info attempt registry request try #2 at 11:01:41 PM
174 http fetch GET https://registry.npmjs.org/debug/-/debug-2.6.9.tgz
175 info retry will retry, error on last attempt: Error: getaddrinfo EAI_AGAIN registry.npmjs.org:443
176 info attempt registry request try #3 at 11:02:41 PM
177 http fetch GET https://registry.npmjs.org/debug/-/debug-2.6.9.tgz
178 error fetch failed https://registry.npmjs.org/debug/-/debug-2.6.9.tgz
179 silly rollbackFailedOptional Starting
180 silly rollbackFailedOptional Finishing
181 silly runTopLevelLifecycles Starting
182 silly runTopLevelLifecycles Finishing
183 silly install printInstalled
184 verbose stack Error: connect ENETUNREACH 2400:cb00:2048:1::6810:1323:443 - Local (:::0)
184 verbose stack     at Object.exports._errnoException (util.js:870:11)
184 verbose stack     at exports._exceptionWithHostPort (util.js:893:20)
184 verbose stack     at connect (net.js:843:14)
184 verbose stack     at net.js:986:7
184 verbose stack     at GetAddrInfoReqWrap.asyncCallback [as callback] (dns.js:63:16)
184 verbose stack     at GetAddrInfoReqWrap.onlookup [as oncomplete] (dns.js:82:10)
185 verbose cwd /media/blessed/DATA/Git Pages/ofunmito/hackerbay-university-tasks/task-1-simple-node
186 error Linux 4.15.0-29-generic
187 error argv "/usr/bin/nodejs" "/usr/bin/npm" "install"
188 error node v4.2.6
189 error npm  v3.5.2
190 error code ENETUNREACH
191 error errno ENETUNREACH
192 error syscall connect
193 error connect ENETUNREACH 2400:cb00:2048:1::6810:1323:443 - Local (:::0)
194 error If you need help, you may report this error at:
194 error     <https://github.com/npm/npm/issues>
195 verbose exit [ 1, true ]
